Token#1: mundial|  Componente Lexico:  |id [Linea: 1]
Token#2: music|  Componente Lexico:  |id [Linea: 1]
Token#3: musica|  Componente Lexico:  |id [Linea: 2]
Token#4: mudas|  Componente Lexico:  |id [Linea: 2]
Token#5: a|  Componente Lexico:  |id [Linea: 3]
Token#6: sd|  Componente Lexico:  |id [Linea: 4]
Token#7: a|  Componente Lexico:  |id [Linea: 5]
Token#8: sda|  Componente Lexico:  |id [Linea: 6]
Token#9: s|  Componente Lexico:  |id [Linea: 7]
Token#10: da|  Componente Lexico:  |id [Linea: 8]
Token#11: sd|  Componente Lexico:  |id [Linea: 9]
Token#12: amda|  Componente Lexico:  |id [Linea: 11]
Token#13: sm|  Componente Lexico:  |id [Linea: 12]
Token#14: afms|  Componente Lexico:  |id [Linea: 13]
Token#15: kma|  Componente Lexico:  |id [Linea: 14]
Token#16: asdas|  Componente Lexico:  |id [Linea: 15]
Token#17: d|  Componente Lexico:  |id [Linea: 16]
Token#18: a|  Componente Lexico:  |id [Linea: 17]
Token#19: sd|  Componente Lexico:  |id [Linea: 18]
Token#20: a|  Componente Lexico:  |id [Linea: 19]
Token#21: sd|  Componente Lexico:  |id [Linea: 20]
Token#22: asd|  Componente Lexico:  |id [Linea: 21]
Token#23: asd|  Componente Lexico:  |id [Linea: 22]
Token#24: a|  Componente Lexico:  |id [Linea: 23]
Token#25: sd|  Componente Lexico:  |id [Linea: 24]
Token#26: asd|  Componente Lexico:  |id [Linea: 25]
Token#27: asd|  Componente Lexico:  |id [Linea: 26]
Token#28: a|  Componente Lexico:  |id [Linea: 27]
Token#29: sd|  Componente Lexico:  |id [Linea: 28]
Token#30: a|  Componente Lexico:  |id [Linea: 29]
Token#31: d|  Componente Lexico:  |id [Linea: 30]
Token#32: as|  Componente Lexico:  |id [Linea: 31]
Token#33: da|  Componente Lexico:  |id [Linea: 32]
Token#34: s|  Componente Lexico:  |id [Linea: 33]
